<?xml version="1.0" encoding="UTF-8"?>
<!-- Generated by org.testng.reporters.JUnitReportReporter -->
<testsuite skipped="0" hostname="Sagar001" name="com.abc.testcase.EmployeePageTestCase" tests="1" failures="0" timestamp="2022-12-30T10:52:07 IST" time="15.360" errors="0">
  <testcase name="TC3" time="15.360" classname="com.abc.testcase.EmployeePageTestCase"/>
  <system-out/>
</testsuite> <!-- com.abc.testcase.EmployeePageTestCase -->
